This file contains any messages produced by compilers while
running configure, to aid debugging if configure makes a mistake.

It was created by mstrie configure 0.1, which was
generated by GNU Autoconf 2.69.  Invocation command line was

  $ ./configure 

## --------- ##
## Platform. ##
## --------- ##

hostname = nick-macbookpro.local
uname -m = x86_64
uname -r = 17.7.0
uname -s = Darwin
uname -v = Darwin Kernel Version 17.7.0: Thu Dec 20 21:47:19 PST 2018; root:xnu-4570.71.22~1/RELEASE_X86_64

/usr/bin/uname -p = i386
/bin/uname -X     = unknown

/bin/arch              = unknown
/usr/bin/arch -k       = unknown
/usr/convex/getsysinfo = unknown
/usr/bin/hostinfo      = Mach kernel version:
	 Darwin Kernel Version 17.7.0: Thu Dec 20 21:47:19 PST 2018; root:xnu-4570.71.22~1/RELEASE_X86_64
Kernel configured for up to 2 processors.
2 processors are physically available.
2 processors are logically available.
Processor type: i486 (Intel 80486)
Processors active: 0 1
Primary memory available: 16.00 gigabytes
Default processor set: 404 tasks, 1566 threads, 2 processors
Load average: 4.04, Mach factor: 0.57
/bin/machine           = unknown
/usr/bin/oslevel       = unknown
/bin/universe          = unknown

PATH: /usr/local/opt/sphinx-doc/bin
PATH: /usr/local/bin
PATH: /usr/bin
PATH: /bin
PATH: /usr/sbin
PATH: /sbin
PATH: /Library/TeX/texbin
PATH: /usr/local/share/dotnet
PATH: ~/.dotnet/tools
PATH: /Applications/Xamarin Workbooks.app/Contents/SharedSupport/path-bin
PATH: /Library/Frameworks/Python.framework/Versions/3.5/bin
PATH: /usr/local/etc


## ----------- ##
## Core tests. ##
## ----------- ##

configure:1833: checking for a BSD-compatible install
configure:1901: result: /usr/bin/install -c
configure:1912: checking whether build environment is sane
configure:1967: result: yes
configure:2118: checking for a thread-safe mkdir -p
configure:2157: result: ./install-sh -c -d
configure:2164: checking for gawk
configure:2194: result: no
configure:2164: checking for mawk
configure:2194: result: no
configure:2164: checking for nawk
configure:2194: result: no
configure:2164: checking for awk
configure:2180: found /usr/bin/awk
configure:2191: result: awk
configure:2202: checking whether make sets $(MAKE)
configure:2224: result: yes
configure:2253: checking whether make supports nested variables
configure:2270: result: yes
configure:2454: checking for g++
configure:2470: found /usr/bin/g++
configure:2481: result: g++
configure:2508: checking for C++ compiler version
configure:2517: g++ --version >&5
Apple LLVM version 10.0.0 (clang-1000.11.45.5)
Target: x86_64-apple-darwin17.7.0
Thread model: posix
InstalledDir: /Applications/Xcode.app/Contents/Developer/Toolchains/XcodeDefault.xctoolchain/usr/bin
Configured with: --prefix=/Applications/Xcode.app/Contents/Developer/usr --with-gxx-include-dir=/usr/include/c++/4.2.1
configure:2528: $? = 0
configure:2517: g++ -v >&5
Configured with: --prefix=/Applications/Xcode.app/Contents/Developer/usr --with-gxx-include-dir=/usr/include/c++/4.2.1
Apple LLVM version 10.0.0 (clang-1000.11.45.5)
Target: x86_64-apple-darwin17.7.0
Thread model: posix
InstalledDir: /Applications/Xcode.app/Contents/Developer/Toolchains/XcodeDefault.xctoolchain/usr/bin
configure:2528: $? = 0
configure:2517: g++ -V >&5
clang: error: argument to '-V' is missing (expected 1 value)
clang: error: no input files
configure:2528: $? = 1
configure:2517: g++ -qversion >&5
clang: error: unknown argument: '-qversion'
clang: error: no input files
configure:2528: $? = 1
configure:2548: checking whether the C++ compiler works
configure:2570: g++    conftest.cpp  >&5
configure:2574: $? = 0
configure:2622: result: yes
configure:2625: checking for C++ compiler default output file name
configure:2627: result: a.out
configure:2633: checking for suffix of executables
configure:2640: g++ -o conftest    conftest.cpp  >&5
configure:2644: $? = 0
configure:2666: result: 
configure:2688: checking whether we are cross compiling
configure:2696: g++ -o conftest    conftest.cpp  >&5
configure:2700: $? = 0
configure:2707: ./conftest
configure:2711: $? = 0
configure:2726: result: no
configure:2731: checking for suffix of object files
configure:2753: g++ -c   conftest.cpp >&5
configure:2757: $? = 0
configure:2778: result: o
configure:2782: checking whether we are using the GNU C++ compiler
configure:2801: g++ -c   conftest.cpp >&5
configure:2801: $? = 0
configure:2810: result: yes
configure:2819: checking whether g++ accepts -g
configure:2839: g++ -c -g  conftest.cpp >&5
configure:2839: $? = 0
configure:2880: result: yes
configure:2906: checking whether make supports the include directive
configure:2921: make -f confmf.GNU && cat confinc.out
this is the am__doit target
configure:2924: $? = 0
configure:2943: result: yes (GNU style)
configure:2968: checking dependency style of g++
configure:3079: result: gcc3
configure:3208: checking that generated files are newer than configure
configure:3214: result: done
configure:3237: creating ./config.status

## ---------------------- ##
## Running config.status. ##
## ---------------------- ##

This file was extended by mstrie config.status 0.1, which was
generated by GNU Autoconf 2.69.  Invocation command line was

  CONFIG_FILES    = 
  CONFIG_HEADERS  = 
  CONFIG_LINKS    = 
  CONFIG_COMMANDS = 
  $ ./config.status 

on nick-macbookpro.local

config.status:841: creating Makefile
config.status:841: creating src/Makefile
config.status:841: creating doc/Makefile
config.status:841: creating config.h
config.status:1022: config.h is unchanged
config.status:1070: executing depfiles commands
config.status:1147: cd src       && sed -e '/# am--include-marker/d' Makefile         | make -f - am--depfiles
make: Nothing to be done for `am--depfiles'.
config.status:1152: $? = 0

## ---------------- ##
## Cache variables. ##
## ---------------- ##

ac_cv_cxx_compiler_gnu=yes
ac_cv_env_CCC_set=
ac_cv_env_CCC_value=
ac_cv_env_CPPFLAGS_set=
ac_cv_env_CPPFLAGS_value=
ac_cv_env_CXXFLAGS_set=
ac_cv_env_CXXFLAGS_value=
ac_cv_env_CXX_set=
ac_cv_env_CXX_value=
ac_cv_env_LDFLAGS_set=
ac_cv_env_LDFLAGS_value=
ac_cv_env_LIBS_set=
ac_cv_env_LIBS_value=
ac_cv_env_build_alias_set=
ac_cv_env_build_alias_value=
ac_cv_env_host_alias_set=
ac_cv_env_host_alias_value=
ac_cv_env_target_alias_set=
ac_cv_env_target_alias_value=
ac_cv_objext=o
ac_cv_path_install='/usr/bin/install -c'
ac_cv_prog_AWK=awk
ac_cv_prog_ac_ct_CXX=g++
ac_cv_prog_cxx_g=yes
ac_cv_prog_make_make_set=yes
am_cv_CXX_dependencies_compiler_type=gcc3
am_cv_make_support_nested_variables=yes

## ----------------- ##
## Output variables. ##
## ----------------- ##

ACLOCAL='${SHELL} /Users/nick/Projects/mstrie_implementation/mstrie/missing aclocal-1.16'
AMDEPBACKSLASH='\'
AMDEP_FALSE='#'
AMDEP_TRUE=''
AMTAR='$${TAR-tar}'
AM_BACKSLASH='\'
AM_DEFAULT_V='$(AM_DEFAULT_VERBOSITY)'
AM_DEFAULT_VERBOSITY='1'
AM_V='$(V)'
AUTOCONF='${SHELL} /Users/nick/Projects/mstrie_implementation/mstrie/missing autoconf'
AUTOHEADER='${SHELL} /Users/nick/Projects/mstrie_implementation/mstrie/missing autoheader'
AUTOMAKE='${SHELL} /Users/nick/Projects/mstrie_implementation/mstrie/missing automake-1.16'
AWK='awk'
CPPFLAGS=''
CXX='g++'
CXXDEPMODE='depmode=gcc3'
CXXFLAGS='-g -O2'
CYGPATH_W='echo'
DEFS='-DHAVE_CONFIG_H'
DEPDIR='.deps'
ECHO_C='\c'
ECHO_N=''
ECHO_T=''
EXEEXT=''
INSTALL_DATA='${INSTALL} -m 644'
INSTALL_PROGRAM='${INSTALL}'
INSTALL_SCRIPT='${INSTALL}'
INSTALL_STRIP_PROGRAM='$(install_sh) -c -s'
LDFLAGS=''
LIBOBJS=''
LIBS=''
LTLIBOBJS=''
MAKEINFO='${SHELL} /Users/nick/Projects/mstrie_implementation/mstrie/missing makeinfo'
MKDIR_P='./install-sh -c -d'
OBJEXT='o'
PACKAGE='mstrie'
PACKAGE_BUGREPORT='mikita.akulich@gmail.com'
PACKAGE_NAME='mstrie'
PACKAGE_STRING='mstrie 0.1'
PACKAGE_TARNAME='mstrie'
PACKAGE_URL=''
PACKAGE_VERSION='0.1'
PATH_SEPARATOR=':'
SET_MAKE=''
SHELL='/bin/sh'
STRIP=''
VERSION='0.1'
ac_ct_CXX='g++'
am__EXEEXT_FALSE=''
am__EXEEXT_TRUE='#'
am__fastdepCXX_FALSE='#'
am__fastdepCXX_TRUE=''
am__include='include'
am__isrc=''
am__leading_dot='.'
am__nodep='_no'
am__quote=''
am__tar='$${TAR-tar} chof - "$$tardir"'
am__untar='$${TAR-tar} xf -'
bindir='${exec_prefix}/bin'
build_alias=''
datadir='${datarootdir}'
datarootdir='${prefix}/share'
docdir='${datarootdir}/doc/${PACKAGE_TARNAME}'
dvidir='${docdir}'
exec_prefix='${prefix}'
host_alias=''
htmldir='${docdir}'
includedir='${prefix}/include'
infodir='${datarootdir}/info'
install_sh='${SHELL} /Users/nick/Projects/mstrie_implementation/mstrie/install-sh'
libdir='${exec_prefix}/lib'
libexecdir='${exec_prefix}/libexec'
localedir='${datarootdir}/locale'
localstatedir='${prefix}/var'
mandir='${datarootdir}/man'
mkdir_p='$(MKDIR_P)'
oldincludedir='/usr/include'
pdfdir='${docdir}'
prefix='/usr/local'
program_transform_name='s,x,x,'
psdir='${docdir}'
sbindir='${exec_prefix}/sbin'
sharedstatedir='${prefix}/com'
sysconfdir='${prefix}/etc'
target_alias=''

## ----------- ##
## confdefs.h. ##
## ----------- ##

/* confdefs.h */
#define PACKAGE_NAME "mstrie"
#define PACKAGE_TARNAME "mstrie"
#define PACKAGE_VERSION "0.1"
#define PACKAGE_STRING "mstrie 0.1"
#define PACKAGE_BUGREPORT "mikita.akulich@gmail.com"
#define PACKAGE_URL ""
#define PACKAGE "mstrie"
#define VERSION "0.1"

configure: exit 0

## ---------------------- ##
## Running config.status. ##
## ---------------------- ##

This file was extended by mstrie config.status 0.1, which was
generated by GNU Autoconf 2.69.  Invocation command line was

  CONFIG_FILES    = 
  CONFIG_HEADERS  = 
  CONFIG_LINKS    = 
  CONFIG_COMMANDS = 
  $ ./config.status src/Makefile depfiles

on nick-macbookpro.local

config.status:841: creating src/Makefile
config.status:1070: executing depfiles commands
config.status:1147: cd src       && sed -e '/# am--include-marker/d' Makefile         | make -f - am--depfiles
make[3]: Nothing to be done for `am--depfiles'.
config.status:1152: $? = 0
